e:\github\vulkan_application\bin\intermediate\vulkan_win32\color.obj
e:\github\vulkan_application\bin\intermediate\vulkan_win32\basicrenderer.obj
e:\github\vulkan_application\bin\intermediate\vulkan_win32\vec3f.obj
e:\github\vulkan_application\bin\intermediate\vulkan_win32\main.obj
e:\github\vulkan_application\bin\intermediate\vulkan_win32\renderer.obj
e:\github\vulkan_application\bin\intermediate\vulkan_win32\vertexbuffer.obj
e:\github\vulkan_application\bin\intermediate\vulkan_win32\renderer_ext.obj
e:\github\vulkan_application\bin\intermediate\vulkan_win32\vertex.obj
e:\github\vulkan_application\bin\intermediate\vulkan_win32\vkutils.obj
e:\github\vulkan_application\bin\intermediate\vulkan_win32\window.obj
e:\github\vulkan_application\bin\intermediate\vulkan_win32\window_ext.obj
e:\github\vulkan_application\bin\intermediate\vulkan_win32\vc140.pdb
e:\github\vulkan_application\bin\intermediate\vulkan_win32\matrix4x4.obj
e:\github\vulkan_application\bin\intermediate\vulkan_win32\unifombuffer.obj
e:\github\vulkan_application\bin\intermediate\vulkan_win32\texturebuffer.obj
e:\github\vulkan_application\bin\intermediate\vulkan_win32\vc140.idb
e:\github\vulkan_application\\bin\vulkan_win32.pdb
e:\github\vulkan_application\bin\intermediate\vulkan_win32\vulkan_win32.tlog\cl.command.1.tlog
e:\github\vulkan_application\bin\intermediate\vulkan_win32\vulkan_win32.tlog\cl.read.1.tlog
e:\github\vulkan_application\bin\intermediate\vulkan_win32\vulkan_win32.tlog\cl.write.1.tlog
e:\github\vulkan_application\bin\intermediate\vulkan_win32\vulkan_win32.tlog\link.9720-cvtres.read.1.tlog
e:\github\vulkan_application\bin\intermediate\vulkan_win32\vulkan_win32.tlog\link.9720-cvtres.write.1.tlog
e:\github\vulkan_application\bin\intermediate\vulkan_win32\vulkan_win32.tlog\link.9720-rc.read.1.tlog
e:\github\vulkan_application\bin\intermediate\vulkan_win32\vulkan_win32.tlog\link.9720-rc.write.1.tlog
e:\github\vulkan_application\bin\intermediate\vulkan_win32\vulkan_win32.tlog\link.9720.read.1.tlog
e:\github\vulkan_application\bin\intermediate\vulkan_win32\vulkan_win32.tlog\link.9720.write.1.tlog
e:\github\vulkan_application\bin\intermediate\vulkan_win32\vulkan_win32.tlog\link.command.1.tlog
e:\github\vulkan_application\bin\intermediate\vulkan_win32\vulkan_win32.tlog\link.read.1.tlog
e:\github\vulkan_application\bin\intermediate\vulkan_win32\vulkan_win32.tlog\link.write.1.tlog
